cl : command line warning D9035: option 'Gm' has been deprecated and will be removed in a future release
  vector.c
C:\Users\becab\OneDrive - BYU Office 365\NLP\FinalProject\CMUSphinx\pocketsphinx\src\libpocketsphinx\vector.c(102,24): warning C4244: '*=': conversion from 'float64' to 'float32', possible loss of data
  tmat.c
  s2_semi_mgau.c
  ptm_mgau.c
C:\Users\becab\OneDrive - BYU Office 365\NLP\FinalProject\CMUSphinx\pocketsphinx\src\libpocketsphinx\ptm_mgau.c(841,58): warning C4244: '=': conversion from 'int16' to 'uint8', possible loss of data
  ps_mllr.c
  ps_lattice.c
C:\Users\becab\OneDrive - BYU Office 365\NLP\FinalProject\CMUSphinx\pocketsphinx\src\libpocketsphinx\ps_lattice.c(452,1): warning C4244: 'initializing': conversion from 'float64' to 'float32', possible loss of data
C:\Users\becab\OneDrive - BYU Office 365\NLP\FinalProject\CMUSphinx\pocketsphinx\src\libpocketsphinx\ps_lattice.c(1248,93): warning C4244: '+=': conversion from 'float32' to 'int32', possible loss of data
C:\Users\becab\OneDrive - BYU Office 365\NLP\FinalProject\CMUSphinx\pocketsphinx\src\libpocketsphinx\ps_lattice.c(1291,61): warning C4244: '+=': conversion from 'float32' to 'int32', possible loss of data
C:\Users\becab\OneDrive - BYU Office 365\NLP\FinalProject\CMUSphinx\pocketsphinx\src\libpocketsphinx\ps_lattice.c(1325,100): warning C4244: '+=': conversion from 'float32' to 'int32', possible loss of data
C:\Users\becab\OneDrive - BYU Office 365\NLP\FinalProject\CMUSphinx\pocketsphinx\src\libpocketsphinx\ps_lattice.c(1328,108): warning C4244: '+=': conversion from 'float32' to 'int32', possible loss of data
C:\Users\becab\OneDrive - BYU Office 365\NLP\FinalProject\CMUSphinx\pocketsphinx\src\libpocketsphinx\ps_lattice.c(1378,72): warning C4244: '+=': conversion from 'float32' to 'int32', possible loss of data
C:\Users\becab\OneDrive - BYU Office 365\NLP\FinalProject\CMUSphinx\pocketsphinx\src\libpocketsphinx\ps_lattice.c(1400,60): warning C4244: '=': conversion from 'float32' to 'int32', possible loss of data
C:\Users\becab\OneDrive - BYU Office 365\NLP\FinalProject\CMUSphinx\pocketsphinx\src\libpocketsphinx\ps_lattice.c(1437,55): warning C4244: '+=': conversion from 'float32' to 'int32', possible loss of data
C:\Users\becab\OneDrive - BYU Office 365\NLP\FinalProject\CMUSphinx\pocketsphinx\src\libpocketsphinx\ps_lattice.c(1507,81): warning C4244: '=': conversion from 'float32' to 'int32', possible loss of data
C:\Users\becab\OneDrive - BYU Office 365\NLP\FinalProject\CMUSphinx\pocketsphinx\src\libpocketsphinx\ps_lattice.c(1514,84): warning C4244: 'function': conversion from 'float32' to 'int', possible loss of data
C:\Users\becab\OneDrive - BYU Office 365\NLP\FinalProject\CMUSphinx\pocketsphinx\src\libpocketsphinx\ps_lattice.c(1597,35): warning C4244: '+=': conversion from 'float32' to 'int32', possible loss of data
C:\Users\becab\OneDrive - BYU Office 365\NLP\FinalProject\CMUSphinx\pocketsphinx\src\libpocketsphinx\ps_lattice.c(1682,40): warning C4244: '+=': conversion from 'float32' to 'int32', possible loss of data
C:\Users\becab\OneDrive - BYU Office 365\NLP\FinalProject\CMUSphinx\pocketsphinx\src\libpocketsphinx\ps_lattice.c(1688,40): warning C4244: '+=': conversion from 'float32' to 'int32', possible loss of data
C:\Users\becab\OneDrive - BYU Office 365\NLP\FinalProject\CMUSphinx\pocketsphinx\src\libpocketsphinx\ps_lattice.c(1759,84): warning C4244: '=': conversion from 'float32' to 'int32', possible loss of data
  pocketsphinx.c
C:\Users\becab\OneDrive - BYU Office 365\NLP\FinalProject\CMUSphinx\pocketsphinx\src\libpocketsphinx\pocketsphinx.c(321,45): warning C4244: '=': conversion from 'float32' to 'int32', possible loss of data
C:\Users\becab\OneDrive - BYU Office 365\NLP\FinalProject\CMUSphinx\pocketsphinx\src\libpocketsphinx\pocketsphinx.c(341,66): warning C4244: 'function': conversion from 'int32' to 'float32', possible loss of data
  phone_loop_search.c
C:\Users\becab\OneDrive - BYU Office 365\NLP\FinalProject\CMUSphinx\pocketsphinx\src\libpocketsphinx\phone_loop_search.c(230,105): warning C4244: '=': conversion from 'float64' to 'int32', possible loss of data
  ngram_search_fwdtree.c
  ngram_search_fwdflat.c
C:\Users\becab\OneDrive - BYU Office 365\NLP\FinalProject\CMUSphinx\pocketsphinx\src\libpocketsphinx\ngram_search_fwdflat.c(709,60): warning C4244: '+=': conversion from 'float32' to 'int32', possible loss of data
  ngram_search.c
C:\Users\becab\OneDrive - BYU Office 365\NLP\FinalProject\CMUSphinx\pocketsphinx\src\libpocketsphinx\ngram_search.c(93,19): warning C4090: 'function': different 'const' qualifiers
C:\Users\becab\OneDrive - BYU Office 365\NLP\FinalProject\CMUSphinx\pocketsphinx\src\libpocketsphinx\ngram_search.c(136,60): warning C4244: '=': conversion from 'double' to 'float32', possible loss of data
C:\Users\becab\OneDrive - BYU Office 365\NLP\FinalProject\CMUSphinx\pocketsphinx\src\libpocketsphinx\ngram_search.c(724,36): warning C4244: '=': conversion from 'float32' to 'int32', possible loss of data
C:\Users\becab\OneDrive - BYU Office 365\NLP\FinalProject\CMUSphinx\pocketsphinx\src\libpocketsphinx\ngram_search.c(1044,74): warning C4244: 'function': conversion from 'double' to 'float32', possible loss of data
C:\Users\becab\OneDrive - BYU Office 365\NLP\FinalProject\CMUSphinx\pocketsphinx\src\libpocketsphinx\ngram_search.c(1189,28): warning C4244: '=': conversion from 'float32' to 'int32', possible loss of data
C:\Users\becab\OneDrive - BYU Office 365\NLP\FinalProject\CMUSphinx\pocketsphinx\src\libpocketsphinx\ngram_search.c(1245,61): warning C4244: '=': conversion from 'double' to 'float', possible loss of data
  ms_senone.c
C:\Users\becab\OneDrive - BYU Office 365\NLP\FinalProject\CMUSphinx\pocketsphinx\src\libpocketsphinx\ms_senone.c(118,23): warning C4018: '<': signed/unsigned mismatch
C:\Users\becab\OneDrive - BYU Office 365\NLP\FinalProject\CMUSphinx\pocketsphinx\src\libpocketsphinx\ms_senone.c(224,19): warning C4018: '<': signed/unsigned mismatch
C:\Users\becab\OneDrive - BYU Office 365\NLP\FinalProject\CMUSphinx\pocketsphinx\src\libpocketsphinx\ms_senone.c(225,23): warning C4018: '<': signed/unsigned mismatch
C:\Users\becab\OneDrive - BYU Office 365\NLP\FinalProject\CMUSphinx\pocketsphinx\src\libpocketsphinx\ms_senone.c(240,27): warning C4018: '<': signed/unsigned mismatch
C:\Users\becab\OneDrive - BYU Office 365\NLP\FinalProject\CMUSphinx\pocketsphinx\src\libpocketsphinx\ms_senone.c(314,23): warning C4018: '<': signed/unsigned mismatch
C:\Users\becab\OneDrive - BYU Office 365\NLP\FinalProject\CMUSphinx\pocketsphinx\src\libpocketsphinx\ms_senone.c(325,23): warning C4018: '<': signed/unsigned mismatch
C:\Users\becab\OneDrive - BYU Office 365\NLP\FinalProject\CMUSphinx\pocketsphinx\src\libpocketsphinx\ms_senone.c(371,5): warning C4018: '<': signed/unsigned mismatch
C:\Users\becab\OneDrive - BYU Office 365\NLP\FinalProject\CMUSphinx\pocketsphinx\src\libpocketsphinx\ms_senone.c(372,5): warning C4018: '<=': signed/unsigned mismatch
C:\Users\becab\OneDrive - BYU Office 365\NLP\FinalProject\CMUSphinx\pocketsphinx\src\libpocketsphinx\ms_senone.c(376,19): warning C4018: '<': signed/unsigned mismatch
  ms_mgau.c
C:\Users\becab\OneDrive - BYU Office 365\NLP\FinalProject\CMUSphinx\pocketsphinx\src\libpocketsphinx\ms_mgau.c(133,21): warning C4018: '>': signed/unsigned mismatch
C:\Users\becab\OneDrive - BYU Office 365\NLP\FinalProject\CMUSphinx\pocketsphinx\src\libpocketsphinx\ms_mgau.c(136,21): warning C4018: '<': signed/unsigned mismatch
C:\Users\becab\OneDrive - BYU Office 365\NLP\FinalProject\CMUSphinx\pocketsphinx\src\libpocketsphinx\ms_mgau.c(216,16): warning C4018: '<': signed/unsigned mismatch
C:\Users\becab\OneDrive - BYU Office 365\NLP\FinalProject\CMUSphinx\pocketsphinx\src\libpocketsphinx\ms_mgau.c(224,16): warning C4018: '<': signed/unsigned mismatch
  ms_gauden.c
  mdef.c
  kws_search.c
  kws_detections.c
  hmm.c
  fsg_search.c
C:\Users\becab\OneDrive - BYU Office 365\NLP\FinalProject\CMUSphinx\pocketsphinx\src\libpocketsphinx\fsg_search.c(214,47): warning C4244: '=': conversion from 'float32' to 'int32', possible loss of data
C:\Users\becab\OneDrive - BYU Office 365\NLP\FinalProject\CMUSphinx\pocketsphinx\src\libpocketsphinx\fsg_search.c(223,61): warning C4244: '=': conversion from 'double' to 'float32', possible loss of data
  fsg_lextree.c
  Generating Code...
  Compiling...
  fsg_history.c
  dict2pid.c
  dict.c
  blkarray_list.c
  bin_mdef.c
C:\Users\becab\OneDrive - BYU Office 365\NLP\FinalProject\CMUSphinx\pocketsphinx\src\libpocketsphinx\bin_mdef.c(148,63): warning C4244: '=': conversion from 'int16' to 'uint8', possible loss of data
C:\Users\becab\OneDrive - BYU Office 365\NLP\FinalProject\CMUSphinx\pocketsphinx\src\libpocketsphinx\bin_mdef.c(149,63): warning C4244: '=': conversion from 'int16' to 'uint8', possible loss of data
C:\Users\becab\OneDrive - BYU Office 365\NLP\FinalProject\CMUSphinx\pocketsphinx\src\libpocketsphinx\bin_mdef.c(150,63): warning C4244: '=': conversion from 'int16' to 'uint8', possible loss of data
  allphone_search.c
C:\Users\becab\OneDrive - BYU Office 365\NLP\FinalProject\CMUSphinx\pocketsphinx\src\libpocketsphinx\allphone_search.c(545,49): warning C4244: '=': conversion from 'float32' to 'int32', possible loss of data
C:\Users\becab\OneDrive - BYU Office 365\NLP\FinalProject\CMUSphinx\pocketsphinx\src\libpocketsphinx\allphone_search.c(604,63): warning C4244: '=': conversion from 'double' to 'float32', possible loss of data
  acmod.c
C:\Users\becab\OneDrive - BYU Office 365\NLP\FinalProject\CMUSphinx\pocketsphinx\src\libpocketsphinx\acmod.c(188,76): warning C4244: '=': conversion from 'double' to 'mfcc_t', possible loss of data
C:\Users\becab\OneDrive - BYU Office 365\NLP\FinalProject\CMUSphinx\pocketsphinx\src\libpocketsphinx\acmod.c(193,76): warning C4244: '=': conversion from 'double' to 'mfcc_t', possible loss of data
C:\Users\becab\OneDrive - BYU Office 365\NLP\FinalProject\CMUSphinx\pocketsphinx\src\libpocketsphinx\acmod.c(498,23): warning C4018: '<': signed/unsigned mismatch
C:\Users\becab\OneDrive - BYU Office 365\NLP\FinalProject\CMUSphinx\pocketsphinx\src\libpocketsphinx\acmod.c(509,23): warning C4018: '<': signed/unsigned mismatch
C:\Users\becab\OneDrive - BYU Office 365\NLP\FinalProject\CMUSphinx\pocketsphinx\src\libpocketsphinx\acmod.c(560,45): warning C4018: '<': signed/unsigned mismatch
  Generating Code...
     Creating library ..\..\bin\Debug\Win32/pocketsphinx.lib and object ..\..\bin\Debug\Win32/pocketsphinx.exp
  pocketsphinx.vcxproj -> C:\Users\becab\OneDrive - BYU Office 365\NLP\FinalProject\CMUSphinx\pocketsphinx\\bin\Debug\Win32\pocketsphinx.dll
